# APYX Docker soak test
# started_utc=2026-04-25T03:25:56Z
# log_file=logs/docker-soak-20260425T032556Z.log
# status_file=logs/docker-soak-status-20260425T032556Z.log

## docker compose build
 Image apyx-apyx Building 
#1 [internal] load local bake definitions
#1 reading from stdin 490B done
#1 DONE 0.0s

#2 [internal] load build definition from Dockerfile
#2 transferring dockerfile: 323B done
#2 DONE 0.0s

#3 [internal] load metadata for docker.io/library/python:3.12-slim
#3 DONE 4.4s

#4 [internal] load .dockerignore
#4 transferring context: 148B done
#4 DONE 0.0s

#5 [internal] load build context
#5 transferring context: 18.02kB done
#5 DONE 0.0s

#6 [1/6] FROM docker.io/library/python:3.12-slim@sha256:46cb7cc2877e60fbd5e21a9ae6115c30ace7a077b9f8772da879e4590c18c2e3
#6 resolve docker.io/library/python:3.12-slim@sha256:46cb7cc2877e60fbd5e21a9ae6115c30ace7a077b9f8772da879e4590c18c2e3 0.0s done
#6 DONE 0.0s

#7 [2/6] RUN apt-get update && apt-get install -y --no-install-recommends gcc libc6-dev && rm -rf /var/lib/apt/lists/*
#7 CACHED

#8 [3/6] WORKDIR /app
#8 CACHED

#9 [4/6] COPY requirements.txt .
#9 CACHED

#10 [5/6] RUN pip install --no-cache-dir -r requirements.txt
#10 CACHED

#11 [6/6] COPY . .
#11 DONE 0.0s

#12 exporting to image
#12 exporting layers 0.1s done
#12 exporting manifest sha256:305bdec6fb32c6f1ed6aafc7d5cfabdd8fb4e7cc8e9744861cc9ec48a0764860 done
#12 exporting config sha256:a6f0aeb9d88ec7888940d0ba156e1cf21c8c9e083b886a5f1e19c14e305a8114 done
#12 exporting attestation manifest sha256:5fc90d6eb618a608d02f1a166aae54fbc6515387c651f6c6720da8ce38bb0ff7 0.0s done
#12 exporting manifest list sha256:c078914061d192ad57d77e99d8ebbd8ecac4ca66980b2b7d7bc40500c4e0304e 0.0s done
#12 naming to docker.io/library/apyx-apyx:latest done
#12 unpacking to docker.io/library/apyx-apyx:latest 0.0s done
#12 DONE 0.2s

#13 resolving provenance for metadata file
#13 DONE 0.0s
 Image apyx-apyx Built 

## docker compose up -d
 Network apyx_default Creating 
 Network apyx_default Created 
 Container apyx-apyx-1 Creating 
 Container apyx-apyx-1 Created 
 Container apyx-apyx-1 Starting 
 Container apyx-apyx-1 Started 

## initial ps
NAME          IMAGE       COMMAND            SERVICE   CREATED                  STATUS                  PORTS
apyx-apyx-1   apyx-apyx   "python main.py"   apyx      Less than a second ago   Up Less than a second   

## following logs for 3600 seconds
apyx-1  | 2026-04-25T03:26:02.937091289Z Telegram command listener started


# log_follow_exit_status=124
# finished_log_follow_utc=2026-04-25T04:31:22Z

## final ps
NAME          IMAGE       COMMAND            SERVICE   CREATED             STATUS             PORTS
apyx-apyx-1   apyx-apyx   "python main.py"   apyx      About an hour ago   Up About an hour   

## final logs tail
apyx-1  | 2026-04-25T03:26:02.937091289Z Telegram command listener started

## stopping containers
 Container apyx-apyx-1 Stopping 
 Container apyx-apyx-1 Stopped 
 Container apyx-apyx-1 Removing 
 Container apyx-apyx-1 Removed 
 Network apyx_default Removing 
 Network apyx_default Removed 

# stopped_utc=2026-04-25T04:31:36Z
# down_status=0
